<?xml version="1.0" encoding="UTF-8"?>
<testng-results ignored="0" total="1" passed="1" failed="0" skipped="0">
  <reporter-output>
  </reporter-output>
  <suite started-at="2020-11-27T14:05:31 IST" name="Default suite" finished-at="2020-11-27T14:05:31 IST" duration-ms="154">
    <groups>
    </groups>
    <test started-at="2020-11-27T14:05:31 IST" name="Default test" finished-at="2020-11-27T14:05:31 IST" duration-ms="154">
      <class name="testNG.TestNGTesting1">
        <test-method is-config="true" signature="beforeMethod()[pri:0, instance:testNG.TestNGTesting1@7995092a]" started-at="2020-11-27T14:05:31 IST" name="beforeMethod" finished-at="2020-11-27T14:05:31 IST" duration-ms="18" status="PASS">
          <reporter-output>
          </reporter-output>
        </test-method> <!-- beforeMethod -->
        <test-method signature="feature1()[pri:0, instance:testNG.TestNGTesting1@7995092a]" started-at="2020-11-27T14:05:31 IST" name="feature1" finished-at="2020-11-27T14:05:31 IST" duration-ms="11" status="PASS">
          <reporter-output>
          </reporter-output>
        </test-method> <!-- feature1 -->
        <test-method is-config="true" signature="afterMethod()[pri:0, instance:testNG.TestNGTesting1@7995092a]" started-at="2020-11-27T14:05:31 IST" name="afterMethod" finished-at="2020-11-27T14:05:31 IST" duration-ms="0" status="PASS">
          <reporter-output>
          </reporter-output>
        </test-method> <!-- afterMethod -->
      </class> <!-- testNG.TestNGTesting1 -->
    </test> <!-- Default test -->
  </suite> <!-- Default suite -->
</testng-results>
